Build started 2014-08-08 19:38:58.
     1>Project "E:\Gry3d\The Construgert\The Construgert (allegro)\The Construgert (allegro).vcxproj" on node 2 (build target(s)).
     1>InitializeBuildStatus:
         Creating "Release\The Construgert (allegro).unsuccessfulbuild" because "AlwaysCreate" was specified.
       ClCompile:
         c:\Program Files (x86)\Microsoft Visual Studio 10.0\VC\bin\CL.exe /c /Zi /nologo /W3 /WX- /O2 /Oi /Oy- /GL /D _MBCS /Gm- /EHsc /MD /GS /Gy /fp:precise /Zc:wchar_t /Zc:forScope /Fo"Release\\" /Fd"Release\vc100.pdb" /Gd /TP /analyze- /errorReport:prompt main.cpp
         main.cpp
     1>main.cpp(3543): warning C4551: function call missing argument list
       Link:
         c:\Program Files (x86)\Microsoft Visual Studio 10.0\VC\bin\link.exe /ERRORREPORT:PROMPT /OUT:"E:\Gry3d\The Construgert\Release\The Construgert (allegro).exe" /NOLOGO alld.lib kernel32.lib user32.lib gdi32.lib winspool.lib comdlg32.lib advapi32.lib shell32.lib ole32.lib oleaut32.lib uuid.lib odbc32.lib odbccp32.lib /MANIFEST /ManifestFile:"Release\The Construgert (allegro).exe.intermediate.manifest" /MANIFESTUAC:"level='asInvoker' uiAccess='false'" /DEBUG /PDB:"E:\Gry3d\The Construgert\Release\The Construgert (allegro).pdb" /SUBSYSTEM:WINDOWS /OPT:REF /OPT:ICF /LTCG /TLBID:1 /DYNAMICBASE /NXCOMPAT /IMPLIB:"E:\Gry3d\The Construgert\Release\The Construgert (allegro).lib" /MACHINE:X86 Release\main.obj
         Generating code
         Finished generating code
         The Construgert (allegro).vcxproj -> E:\Gry3d\The Construgert\Release\The Construgert (allegro).exe
       Manifest:
         C:\Program Files (x86)\Microsoft SDKs\Windows\v7.0A\bin\mt.exe /nologo /verbose /outputresource:"E:\Gry3d\The Construgert\Release\The Construgert (allegro).exe;#1" /manifest "Release\The Construgert (allegro).exe.intermediate.manifest"
       FinalizeBuildStatus:
         Deleting file "Release\The Construgert (allegro).unsuccessfulbuild".
         Touching "Release\The Construgert (allegro).lastbuildstate".
     1>Done Building Project "E:\Gry3d\The Construgert\The Construgert (allegro)\The Construgert (allegro).vcxproj" (build target(s)).

Build succeeded.

Time Elapsed 00:00:01.67
