Build started 2014-08-08 19:38:55.
     1>Project "E:\Gry3d\The Construgert\The Construgert (allegro)\The Construgert (allegro).vcxproj" on node 2 (build target(s)).
     1>InitializeBuildStatus:
         Creating "Debug\The Construgert (allegro).unsuccessfulbuild" because "AlwaysCreate" was specified.
       ClCompile:
         c:\Program Files (x86)\Microsoft Visual Studio 10.0\VC\bin\CL.exe /c /ZI /nologo /W3 /WX- /Od /Oy- /D _MBCS /Gm /EHsc /RTC1 /MDd /GS /fp:precise /Zc:wchar_t /Zc:forScope /Fo"Debug\\" /Fd"Debug\vc100.pdb" /Gd /TP /analyze- /errorReport:prompt main.cpp
         main.cpp
     1>e:\gry3d\the construgert\the construgert (allegro)\main.cpp(3543): warning C4551: function call missing argument list
       Link:
         c:\Program Files (x86)\Microsoft Visual Studio 10.0\VC\bin\link.exe /ERRORREPORT:PROMPT /OUT:"E:\Gry3d\The Construgert\Debug\The Construgert (allegro).exe" /NOLOGO /LIBPATH:"C:\Program Files (x86)\Microsoft Visual Studio 10.0\VC\lib" alld.lib audiere.lib kernel32.lib user32.lib gdi32.lib winspool.lib comdlg32.lib advapi32.lib shell32.lib ole32.lib oleaut32.lib uuid.lib odbc32.lib odbccp32.lib /MANIFEST /ManifestFile:"Debug\The Construgert (allegro).exe.intermediate.manifest" /MANIFESTUAC:"level='asInvoker' uiAccess='false'" /DEBUG /PDB:"E:\Gry3d\The Construgert\Debug\The Construgert (allegro).pdb" /SUBSYSTEM:WINDOWS /TLBID:1 /DYNAMICBASE /NXCOMPAT /IMPLIB:"E:\Gry3d\The Construgert\Debug\The Construgert (allegro).lib" /MACHINE:X86 Debug\main.obj
         LINK : E:\Gry3d\The Construgert\Debug\The Construgert (allegro).exe not found or not built by the last incremental link; performing full link
         The Construgert (allegro).vcxproj -> E:\Gry3d\The Construgert\Debug\The Construgert (allegro).exe
       Manifest:
         C:\Program Files (x86)\Microsoft SDKs\Windows\v7.0A\bin\mt.exe /nologo /verbose /outputresource:"E:\Gry3d\The Construgert\Debug\The Construgert (allegro).exe;#1" /manifest "Debug\The Construgert (allegro).exe.intermediate.manifest"
       FinalizeBuildStatus:
         Deleting file "Debug\The Construgert (allegro).unsuccessfulbuild".
         Touching "Debug\The Construgert (allegro).lastbuildstate".
     1>Done Building Project "E:\Gry3d\The Construgert\The Construgert (allegro)\The Construgert (allegro).vcxproj" (build target(s)).

Build succeeded.

Time Elapsed 00:00:01.02
