c:\users\brunon\source\repos\project1\project1\debug\project1.pch
c:\users\brunon\source\repos\project1\project1\debug\vc141.pdb
c:\users\brunon\source\repos\project1\project1\debug\vc141.idb
c:\users\brunon\source\repos\project1\project1\debug\stdafx.obj
c:\users\brunon\source\repos\project1\project1\debug\chunkel.obj
c:\users\brunon\source\repos\project1\project1\debug\enemy.obj
c:\users\brunon\source\repos\project1\project1\debug\game.obj
c:\users\brunon\source\repos\project1\project1\debug\main.obj
c:\users\brunon\source\repos\project1\project1\debug\missile.obj
c:\users\brunon\source\repos\project1\project1\debug\object.obj
c:\users\brunon\source\repos\project1\project1\debug\player.obj
c:\users\brunon\source\repos\project1\project1\debug\world.obj
c:\users\brunon\source\repos\project1\project1\debug\stats.obj
c:\users\brunon\source\repos\project1\debug\project1.exe
c:\users\brunon\source\repos\project1\debug\project1.ilk
c:\users\brunon\source\repos\project1\debug\project1.pdb
c:\users\brunon\source\repos\project1\project1\debug\project1.tlog\cl.command.1.tlog
c:\users\brunon\source\repos\project1\project1\debug\project1.tlog\cl.read.1.tlog
c:\users\brunon\source\repos\project1\project1\debug\project1.tlog\cl.write.1.tlog
c:\users\brunon\source\repos\project1\project1\debug\project1.tlog\link.command.1.tlog
c:\users\brunon\source\repos\project1\project1\debug\project1.tlog\link.read.1.tlog
c:\users\brunon\source\repos\project1\project1\debug\project1.tlog\link.write.1.tlog
